running egg_info
creating ../build/super_lane_pkg/super_lane_pkg.egg-info
writing ../build/super_lane_pkg/super_lane_pkg.egg-info/PKG-INFO
writing dependency_links to ../build/super_lane_pkg/super_lane_pkg.egg-info/dependency_links.txt
writing entry points to ../build/super_lane_pkg/super_lane_pkg.egg-info/entry_points.txt
writing requirements to ../build/super_lane_pkg/super_lane_pkg.egg-info/requires.txt
writing top-level names to ../build/super_lane_pkg/super_lane_pkg.egg-info/top_level.txt
writing manifest file '../build/super_lane_pkg/super_lane_pkg.egg-info/SOURCES.txt'
reading manifest file '../build/super_lane_pkg/super_lane_pkg.egg-info/SOURCES.txt'
writing manifest file '../build/super_lane_pkg/super_lane_pkg.egg-info/SOURCES.txt'
running build
running build_py
creating /home/hugo/Documentos/RO/Practica1-RO/build/super_lane_pkg/build
creating /home/hugo/Documentos/RO/Practica1-RO/build/super_lane_pkg/build/lib
creating /home/hugo/Documentos/RO/Practica1-RO/build/super_lane_pkg/build/lib/super_lane_pkg
copying super_lane_pkg/__init__.py -> /home/hugo/Documentos/RO/Practica1-RO/build/super_lane_pkg/build/lib/super_lane_pkg
copying super_lane_pkg/lane_controller.py -> /home/hugo/Documentos/RO/Practica1-RO/build/super_lane_pkg/build/lib/super_lane_pkg
copying super_lane_pkg/signal_det.py -> /home/hugo/Documentos/RO/Practica1-RO/build/super_lane_pkg/build/lib/super_lane_pkg
copying super_lane_pkg/lane_detector.py -> /home/hugo/Documentos/RO/Practica1-RO/build/super_lane_pkg/build/lib/super_lane_pkg
running install
running install_lib
creating /home/hugo/Documentos/RO/Practica1-RO/install/super_lane_pkg/lib/python3.12/site-packages/super_lane_pkg
copying /home/hugo/Documentos/RO/Practica1-RO/build/super_lane_pkg/build/lib/super_lane_pkg/__init__.py -> /home/hugo/Documentos/RO/Practica1-RO/install/super_lane_pkg/lib/python3.12/site-packages/super_lane_pkg
copying /home/hugo/Documentos/RO/Practica1-RO/build/super_lane_pkg/build/lib/super_lane_pkg/lane_controller.py -> /home/hugo/Documentos/RO/Practica1-RO/install/super_lane_pkg/lib/python3.12/site-packages/super_lane_pkg
copying /home/hugo/Documentos/RO/Practica1-RO/build/super_lane_pkg/build/lib/super_lane_pkg/signal_det.py -> /home/hugo/Documentos/RO/Practica1-RO/install/super_lane_pkg/lib/python3.12/site-packages/super_lane_pkg
copying /home/hugo/Documentos/RO/Practica1-RO/build/super_lane_pkg/build/lib/super_lane_pkg/lane_detector.py -> /home/hugo/Documentos/RO/Practica1-RO/install/super_lane_pkg/lib/python3.12/site-packages/super_lane_pkg
byte-compiling /home/hugo/Documentos/RO/Practica1-RO/install/super_lane_pkg/lib/python3.12/site-packages/super_lane_pkg/__init__.py to __init__.cpython-312.pyc
byte-compiling /home/hugo/Documentos/RO/Practica1-RO/install/super_lane_pkg/lib/python3.12/site-packages/super_lane_pkg/lane_controller.py to lane_controller.cpython-312.pyc
byte-compiling /home/hugo/Documentos/RO/Practica1-RO/install/super_lane_pkg/lib/python3.12/site-packages/super_lane_pkg/signal_det.py to signal_det.cpython-312.pyc
byte-compiling /home/hugo/Documentos/RO/Practica1-RO/install/super_lane_pkg/lib/python3.12/site-packages/super_lane_pkg/lane_detector.py to lane_detector.cpython-312.pyc
running install_data
creating /home/hugo/Documentos/RO/Practica1-RO/install/super_lane_pkg/share/ament_index
creating /home/hugo/Documentos/RO/Practica1-RO/install/super_lane_pkg/share/ament_index/resource_index
creating /home/hugo/Documentos/RO/Practica1-RO/install/super_lane_pkg/share/ament_index/resource_index/packages
copying resource/super_lane_pkg -> /home/hugo/Documentos/RO/Practica1-RO/install/super_lane_pkg/share/ament_index/resource_index/packages
creating /home/hugo/Documentos/RO/Practica1-RO/install/super_lane_pkg/share/super_lane_pkg/launch
copying launch/super_lane.launch.py -> /home/hugo/Documentos/RO/Practica1-RO/install/super_lane_pkg/share/super_lane_pkg/launch
copying package.xml -> /home/hugo/Documentos/RO/Practica1-RO/install/super_lane_pkg/share/super_lane_pkg
creating /home/hugo/Documentos/RO/Practica1-RO/install/super_lane_pkg/share/super_lane_pkg/resource
copying resource/CitroenCZero.urdf -> /home/hugo/Documentos/RO/Practica1-RO/install/super_lane_pkg/share/super_lane_pkg/resource
creating /home/hugo/Documentos/RO/Practica1-RO/install/super_lane_pkg/share/super_lane_pkg/worlds
copying worlds/city_traffic.wbt -> /home/hugo/Documentos/RO/Practica1-RO/install/super_lane_pkg/share/super_lane_pkg/worlds
running install_egg_info
Copying ../build/super_lane_pkg/super_lane_pkg.egg-info to /home/hugo/Documentos/RO/Practica1-RO/install/super_lane_pkg/lib/python3.12/site-packages/super_lane_pkg-0.0.0-py3.12.egg-info
running install_scripts
Installing lane_controller script to /home/hugo/Documentos/RO/Practica1-RO/install/super_lane_pkg/lib/super_lane_pkg
Installing lane_detector script to /home/hugo/Documentos/RO/Practica1-RO/install/super_lane_pkg/lib/super_lane_pkg
Installing signal_det script to /home/hugo/Documentos/RO/Practica1-RO/install/super_lane_pkg/lib/super_lane_pkg
writing list of installed files to '/home/hugo/Documentos/RO/Practica1-RO/build/super_lane_pkg/install.log'
