[0.702s] Invoking command in '/home/hugo/Documentos/RO/Practica1-RO/super_lane_pkg': DEBUGINFOD_URLS=https://debuginfod.ubuntu.com PYTHONPATH=/home/hugo/Documentos/RO/Practica1-RO/build/super_lane_pkg/prefix_override:/usr/lib/python3/dist-packages/colcon_core/task/python/colcon_distutils_commands:/home/hugo/Documentos/RO/Practica1-RO/install/super_lane_pkg/lib/python3.12/site-packages:${PYTHONPATH} /usr/bin/python3 -W ignore:setup.py install is deprecated -W ignore:easy_install command is deprecated setup.py egg_info --egg-base ../build/super_lane_pkg build --build-base /home/hugo/Documentos/RO/Practica1-RO/build/super_lane_pkg/build install --record /home/hugo/Documentos/RO/Practica1-RO/build/super_lane_pkg/install.log --single-version-externally-managed install_data
[0.859s] running egg_info
[0.859s] creating ../build/super_lane_pkg/super_lane_pkg.egg-info
[0.868s] writing ../build/super_lane_pkg/super_lane_pkg.egg-info/PKG-INFO
[0.868s] writing dependency_links to ../build/super_lane_pkg/super_lane_pkg.egg-info/dependency_links.txt
[0.868s] writing entry points to ../build/super_lane_pkg/super_lane_pkg.egg-info/entry_points.txt
[0.868s] writing requirements to ../build/super_lane_pkg/super_lane_pkg.egg-info/requires.txt
[0.869s] writing top-level names to ../build/super_lane_pkg/super_lane_pkg.egg-info/top_level.txt
[0.869s] writing manifest file '../build/super_lane_pkg/super_lane_pkg.egg-info/SOURCES.txt'
[0.889s] reading manifest file '../build/super_lane_pkg/super_lane_pkg.egg-info/SOURCES.txt'
[0.889s] writing manifest file '../build/super_lane_pkg/super_lane_pkg.egg-info/SOURCES.txt'
[0.890s] running build
[0.890s] running build_py
[0.890s] creating /home/hugo/Documentos/RO/Practica1-RO/build/super_lane_pkg/build
[0.890s] creating /home/hugo/Documentos/RO/Practica1-RO/build/super_lane_pkg/build/lib
[0.890s] creating /home/hugo/Documentos/RO/Practica1-RO/build/super_lane_pkg/build/lib/super_lane_pkg
[0.890s] copying super_lane_pkg/__init__.py -> /home/hugo/Documentos/RO/Practica1-RO/build/super_lane_pkg/build/lib/super_lane_pkg
[0.890s] copying super_lane_pkg/lane_controller.py -> /home/hugo/Documentos/RO/Practica1-RO/build/super_lane_pkg/build/lib/super_lane_pkg
[0.890s] copying super_lane_pkg/signal_det.py -> /home/hugo/Documentos/RO/Practica1-RO/build/super_lane_pkg/build/lib/super_lane_pkg
[0.890s] copying super_lane_pkg/lane_detector.py -> /home/hugo/Documentos/RO/Practica1-RO/build/super_lane_pkg/build/lib/super_lane_pkg
[0.890s] running install
[0.894s] running install_lib
[0.909s] creating /home/hugo/Documentos/RO/Practica1-RO/install/super_lane_pkg/lib/python3.12/site-packages/super_lane_pkg
[0.909s] copying /home/hugo/Documentos/RO/Practica1-RO/build/super_lane_pkg/build/lib/super_lane_pkg/__init__.py -> /home/hugo/Documentos/RO/Practica1-RO/install/super_lane_pkg/lib/python3.12/site-packages/super_lane_pkg
[0.909s] copying /home/hugo/Documentos/RO/Practica1-RO/build/super_lane_pkg/build/lib/super_lane_pkg/lane_controller.py -> /home/hugo/Documentos/RO/Practica1-RO/install/super_lane_pkg/lib/python3.12/site-packages/super_lane_pkg
[0.909s] copying /home/hugo/Documentos/RO/Practica1-RO/build/super_lane_pkg/build/lib/super_lane_pkg/signal_det.py -> /home/hugo/Documentos/RO/Practica1-RO/install/super_lane_pkg/lib/python3.12/site-packages/super_lane_pkg
[0.910s] copying /home/hugo/Documentos/RO/Practica1-RO/build/super_lane_pkg/build/lib/super_lane_pkg/lane_detector.py -> /home/hugo/Documentos/RO/Practica1-RO/install/super_lane_pkg/lib/python3.12/site-packages/super_lane_pkg
[0.910s] byte-compiling /home/hugo/Documentos/RO/Practica1-RO/install/super_lane_pkg/lib/python3.12/site-packages/super_lane_pkg/__init__.py to __init__.cpython-312.pyc
[0.911s] byte-compiling /home/hugo/Documentos/RO/Practica1-RO/install/super_lane_pkg/lib/python3.12/site-packages/super_lane_pkg/lane_controller.py to lane_controller.cpython-312.pyc
[0.911s] byte-compiling /home/hugo/Documentos/RO/Practica1-RO/install/super_lane_pkg/lib/python3.12/site-packages/super_lane_pkg/signal_det.py to signal_det.cpython-312.pyc
[0.912s] byte-compiling /home/hugo/Documentos/RO/Practica1-RO/install/super_lane_pkg/lib/python3.12/site-packages/super_lane_pkg/lane_detector.py to lane_detector.cpython-312.pyc
[0.912s] running install_data
[0.913s] creating /home/hugo/Documentos/RO/Practica1-RO/install/super_lane_pkg/share/ament_index
[0.913s] creating /home/hugo/Documentos/RO/Practica1-RO/install/super_lane_pkg/share/ament_index/resource_index
[0.913s] creating /home/hugo/Documentos/RO/Practica1-RO/install/super_lane_pkg/share/ament_index/resource_index/packages
[0.913s] copying resource/super_lane_pkg -> /home/hugo/Documentos/RO/Practica1-RO/install/super_lane_pkg/share/ament_index/resource_index/packages
[0.913s] creating /home/hugo/Documentos/RO/Practica1-RO/install/super_lane_pkg/share/super_lane_pkg/launch
[0.913s] copying launch/super_lane.launch.py -> /home/hugo/Documentos/RO/Practica1-RO/install/super_lane_pkg/share/super_lane_pkg/launch
[0.913s] copying package.xml -> /home/hugo/Documentos/RO/Practica1-RO/install/super_lane_pkg/share/super_lane_pkg
[0.913s] creating /home/hugo/Documentos/RO/Practica1-RO/install/super_lane_pkg/share/super_lane_pkg/resource
[0.913s] copying resource/CitroenCZero.urdf -> /home/hugo/Documentos/RO/Practica1-RO/install/super_lane_pkg/share/super_lane_pkg/resource
[0.913s] creating /home/hugo/Documentos/RO/Practica1-RO/install/super_lane_pkg/share/super_lane_pkg/worlds
[0.913s] copying worlds/city_traffic.wbt -> /home/hugo/Documentos/RO/Practica1-RO/install/super_lane_pkg/share/super_lane_pkg/worlds
[0.913s] running install_egg_info
[0.924s] Copying ../build/super_lane_pkg/super_lane_pkg.egg-info to /home/hugo/Documentos/RO/Practica1-RO/install/super_lane_pkg/lib/python3.12/site-packages/super_lane_pkg-0.0.0-py3.12.egg-info
[0.925s] running install_scripts
[1.004s] Installing lane_controller script to /home/hugo/Documentos/RO/Practica1-RO/install/super_lane_pkg/lib/super_lane_pkg
[1.004s] Installing lane_detector script to /home/hugo/Documentos/RO/Practica1-RO/install/super_lane_pkg/lib/super_lane_pkg
[1.004s] Installing signal_det script to /home/hugo/Documentos/RO/Practica1-RO/install/super_lane_pkg/lib/super_lane_pkg
[1.005s] writing list of installed files to '/home/hugo/Documentos/RO/Practica1-RO/build/super_lane_pkg/install.log'
[1.037s] Invoked command in '/home/hugo/Documentos/RO/Practica1-RO/super_lane_pkg' returned '0': DEBUGINFOD_URLS=https://debuginfod.ubuntu.com PYTHONPATH=/home/hugo/Documentos/RO/Practica1-RO/build/super_lane_pkg/prefix_override:/usr/lib/python3/dist-packages/colcon_core/task/python/colcon_distutils_commands:/home/hugo/Documentos/RO/Practica1-RO/install/super_lane_pkg/lib/python3.12/site-packages:${PYTHONPATH} /usr/bin/python3 -W ignore:setup.py install is deprecated -W ignore:easy_install command is deprecated setup.py egg_info --egg-base ../build/super_lane_pkg build --build-base /home/hugo/Documentos/RO/Practica1-RO/build/super_lane_pkg/build install --record /home/hugo/Documentos/RO/Practica1-RO/build/super_lane_pkg/install.log --single-version-externally-managed install_data
