[0.472s] Invoking command in '/home/hugo/Documentos/RO/Practica1-RO/super_lane_pkg': DEBUGINFOD_URLS=https://debuginfod.ubuntu.com PYTHONPATH=/home/hugo/Documentos/RO/Practica1-RO/super_lane_pkg/build/super_lane_pkg/prefix_override:/usr/lib/python3/dist-packages/colcon_core/task/python/colcon_distutils_commands:/home/hugo/Documentos/RO/Practica1-RO/super_lane_pkg/install/super_lane_pkg/lib/python3.12/site-packages:${PYTHONPATH} /usr/bin/python3 -W ignore:setup.py install is deprecated -W ignore:easy_install command is deprecated setup.py egg_info --egg-base build/super_lane_pkg build --build-base /home/hugo/Documentos/RO/Practica1-RO/super_lane_pkg/build/super_lane_pkg/build install --record /home/hugo/Documentos/RO/Practica1-RO/super_lane_pkg/build/super_lane_pkg/install.log --single-version-externally-managed install_data
[0.615s] running egg_info
[0.625s] writing build/super_lane_pkg/super_lane_pkg.egg-info/PKG-INFO
[0.625s] writing dependency_links to build/super_lane_pkg/super_lane_pkg.egg-info/dependency_links.txt
[0.625s] writing entry points to build/super_lane_pkg/super_lane_pkg.egg-info/entry_points.txt
[0.625s] writing requirements to build/super_lane_pkg/super_lane_pkg.egg-info/requires.txt
[0.625s] writing top-level names to build/super_lane_pkg/super_lane_pkg.egg-info/top_level.txt
[0.644s] reading manifest file 'build/super_lane_pkg/super_lane_pkg.egg-info/SOURCES.txt'
[0.644s] writing manifest file 'build/super_lane_pkg/super_lane_pkg.egg-info/SOURCES.txt'
[0.645s] running build
[0.645s] running build_py
[0.645s] running install
[0.648s] running install_lib
[0.658s] running install_data
[0.658s] copying launch/super_lane.launch.py -> /home/hugo/Documentos/RO/Practica1-RO/super_lane_pkg/install/super_lane_pkg/share/super_lane_pkg/launch
[0.658s] running install_egg_info
[0.667s] removing '/home/hugo/Documentos/RO/Practica1-RO/super_lane_pkg/install/super_lane_pkg/lib/python3.12/site-packages/super_lane_pkg-0.0.0-py3.12.egg-info' (and everything under it)
[0.668s] Copying build/super_lane_pkg/super_lane_pkg.egg-info to /home/hugo/Documentos/RO/Practica1-RO/super_lane_pkg/install/super_lane_pkg/lib/python3.12/site-packages/super_lane_pkg-0.0.0-py3.12.egg-info
[0.668s] running install_scripts
[0.744s] Installing lane_controller script to /home/hugo/Documentos/RO/Practica1-RO/super_lane_pkg/install/super_lane_pkg/lib/super_lane_pkg
[0.745s] Installing lane_detector script to /home/hugo/Documentos/RO/Practica1-RO/super_lane_pkg/install/super_lane_pkg/lib/super_lane_pkg
[0.745s] writing list of installed files to '/home/hugo/Documentos/RO/Practica1-RO/super_lane_pkg/build/super_lane_pkg/install.log'
[0.765s] Invoked command in '/home/hugo/Documentos/RO/Practica1-RO/super_lane_pkg' returned '0': DEBUGINFOD_URLS=https://debuginfod.ubuntu.com PYTHONPATH=/home/hugo/Documentos/RO/Practica1-RO/super_lane_pkg/build/super_lane_pkg/prefix_override:/usr/lib/python3/dist-packages/colcon_core/task/python/colcon_distutils_commands:/home/hugo/Documentos/RO/Practica1-RO/super_lane_pkg/install/super_lane_pkg/lib/python3.12/site-packages:${PYTHONPATH} /usr/bin/python3 -W ignore:setup.py install is deprecated -W ignore:easy_install command is deprecated setup.py egg_info --egg-base build/super_lane_pkg build --build-base /home/hugo/Documentos/RO/Practica1-RO/super_lane_pkg/build/super_lane_pkg/build install --record /home/hugo/Documentos/RO/Practica1-RO/super_lane_pkg/build/super_lane_pkg/install.log --single-version-externally-managed install_data
