[0.695s] Invoking command in '/home/hugo/Documentos/RO/Practica1-RO/signal_det_pkg': DEBUGINFOD_URLS=https://debuginfod.ubuntu.com PYTHONPATH=/home/hugo/Documentos/RO/Practica1-RO/build/signal_det_pkg/prefix_override:/usr/lib/python3/dist-packages/colcon_core/task/python/colcon_distutils_commands:/home/hugo/Documentos/RO/Practica1-RO/install/signal_det_pkg/lib/python3.12/site-packages:${PYTHONPATH} /usr/bin/python3 -W ignore:setup.py install is deprecated -W ignore:easy_install command is deprecated setup.py egg_info --egg-base ../build/signal_det_pkg build --build-base /home/hugo/Documentos/RO/Practica1-RO/build/signal_det_pkg/build install --record /home/hugo/Documentos/RO/Practica1-RO/build/signal_det_pkg/install.log --single-version-externally-managed install_data
[0.859s] running egg_info
[0.859s] creating ../build/signal_det_pkg/signal_det_pkg.egg-info
[0.868s] writing ../build/signal_det_pkg/signal_det_pkg.egg-info/PKG-INFO
[0.869s] writing dependency_links to ../build/signal_det_pkg/signal_det_pkg.egg-info/dependency_links.txt
[0.869s] writing entry points to ../build/signal_det_pkg/signal_det_pkg.egg-info/entry_points.txt
[0.869s] writing requirements to ../build/signal_det_pkg/signal_det_pkg.egg-info/requires.txt
[0.869s] writing top-level names to ../build/signal_det_pkg/signal_det_pkg.egg-info/top_level.txt
[0.869s] writing manifest file '../build/signal_det_pkg/signal_det_pkg.egg-info/SOURCES.txt'
[0.889s] reading manifest file '../build/signal_det_pkg/signal_det_pkg.egg-info/SOURCES.txt'
[0.889s] adding license file 'LICENSE'
[0.889s] writing manifest file '../build/signal_det_pkg/signal_det_pkg.egg-info/SOURCES.txt'
[0.889s] running build
[0.889s] running build_py
[0.889s] creating /home/hugo/Documentos/RO/Practica1-RO/build/signal_det_pkg/build
[0.889s] creating /home/hugo/Documentos/RO/Practica1-RO/build/signal_det_pkg/build/lib
[0.889s] creating /home/hugo/Documentos/RO/Practica1-RO/build/signal_det_pkg/build/lib/signal_det_pkg
[0.890s] copying signal_det_pkg/__init__.py -> /home/hugo/Documentos/RO/Practica1-RO/build/signal_det_pkg/build/lib/signal_det_pkg
[0.890s] copying signal_det_pkg/signal_det.py -> /home/hugo/Documentos/RO/Practica1-RO/build/signal_det_pkg/build/lib/signal_det_pkg
[0.890s] running install
[0.894s] running install_lib
[0.905s] creating /home/hugo/Documentos/RO/Practica1-RO/install/signal_det_pkg/lib/python3.12/site-packages/signal_det_pkg
[0.906s] copying /home/hugo/Documentos/RO/Practica1-RO/build/signal_det_pkg/build/lib/signal_det_pkg/__init__.py -> /home/hugo/Documentos/RO/Practica1-RO/install/signal_det_pkg/lib/python3.12/site-packages/signal_det_pkg
[0.906s] copying /home/hugo/Documentos/RO/Practica1-RO/build/signal_det_pkg/build/lib/signal_det_pkg/signal_det.py -> /home/hugo/Documentos/RO/Practica1-RO/install/signal_det_pkg/lib/python3.12/site-packages/signal_det_pkg
[0.907s] byte-compiling /home/hugo/Documentos/RO/Practica1-RO/install/signal_det_pkg/lib/python3.12/site-packages/signal_det_pkg/__init__.py to __init__.cpython-312.pyc
[0.907s] byte-compiling /home/hugo/Documentos/RO/Practica1-RO/install/signal_det_pkg/lib/python3.12/site-packages/signal_det_pkg/signal_det.py to signal_det.cpython-312.pyc
[0.908s] running install_data
[0.908s] creating /home/hugo/Documentos/RO/Practica1-RO/install/signal_det_pkg/share/ament_index
[0.908s] creating /home/hugo/Documentos/RO/Practica1-RO/install/signal_det_pkg/share/ament_index/resource_index
[0.908s] creating /home/hugo/Documentos/RO/Practica1-RO/install/signal_det_pkg/share/ament_index/resource_index/packages
[0.908s] copying resource/signal_det_pkg -> /home/hugo/Documentos/RO/Practica1-RO/install/signal_det_pkg/share/ament_index/resource_index/packages
[0.908s] copying package.xml -> /home/hugo/Documentos/RO/Practica1-RO/install/signal_det_pkg/share/signal_det_pkg
[0.908s] running install_egg_info
[0.923s] Copying ../build/signal_det_pkg/signal_det_pkg.egg-info to /home/hugo/Documentos/RO/Practica1-RO/install/signal_det_pkg/lib/python3.12/site-packages/signal_det_pkg-0.0.0-py3.12.egg-info
[0.923s] running install_scripts
[1.003s] Installing signal_det script to /home/hugo/Documentos/RO/Practica1-RO/install/signal_det_pkg/lib/signal_det_pkg
[1.004s] writing list of installed files to '/home/hugo/Documentos/RO/Practica1-RO/build/signal_det_pkg/install.log'
[1.035s] Invoked command in '/home/hugo/Documentos/RO/Practica1-RO/signal_det_pkg' returned '0': DEBUGINFOD_URLS=https://debuginfod.ubuntu.com PYTHONPATH=/home/hugo/Documentos/RO/Practica1-RO/build/signal_det_pkg/prefix_override:/usr/lib/python3/dist-packages/colcon_core/task/python/colcon_distutils_commands:/home/hugo/Documentos/RO/Practica1-RO/install/signal_det_pkg/lib/python3.12/site-packages:${PYTHONPATH} /usr/bin/python3 -W ignore:setup.py install is deprecated -W ignore:easy_install command is deprecated setup.py egg_info --egg-base ../build/signal_det_pkg build --build-base /home/hugo/Documentos/RO/Practica1-RO/build/signal_det_pkg/build install --record /home/hugo/Documentos/RO/Practica1-RO/build/signal_det_pkg/install.log --single-version-externally-managed install_data
