[0.472s] Invoking command in '/home/hugo/Documentos/RO/Practica1-RO/super_lane_pkg': DEBUGINFOD_URLS=https://debuginfod.ubuntu.com PYTHONPATH=/home/hugo/Documentos/RO/Practica1-RO/super_lane_pkg/build/super_lane_pkg/prefix_override:/usr/lib/python3/dist-packages/colcon_core/task/python/colcon_distutils_commands:/home/hugo/Documentos/RO/Practica1-RO/super_lane_pkg/install/super_lane_pkg/lib/python3.12/site-packages:${PYTHONPATH} /usr/bin/python3 -W ignore:setup.py install is deprecated -W ignore:easy_install command is deprecated setup.py egg_info --egg-base build/super_lane_pkg build --build-base /home/hugo/Documentos/RO/Practica1-RO/super_lane_pkg/build/super_lane_pkg/build install --record /home/hugo/Documentos/RO/Practica1-RO/super_lane_pkg/build/super_lane_pkg/install.log --single-version-externally-managed install_data
[0.610s] running egg_info
[0.619s] writing build/super_lane_pkg/super_lane_pkg.egg-info/PKG-INFO
[0.619s] writing dependency_links to build/super_lane_pkg/super_lane_pkg.egg-info/dependency_links.txt
[0.619s] writing entry points to build/super_lane_pkg/super_lane_pkg.egg-info/entry_points.txt
[0.619s] writing requirements to build/super_lane_pkg/super_lane_pkg.egg-info/requires.txt
[0.619s] writing top-level names to build/super_lane_pkg/super_lane_pkg.egg-info/top_level.txt
[0.637s] reading manifest file 'build/super_lane_pkg/super_lane_pkg.egg-info/SOURCES.txt'
[0.638s] writing manifest file 'build/super_lane_pkg/super_lane_pkg.egg-info/SOURCES.txt'
[0.638s] running build
[0.638s] running build_py
[0.638s] running install
[0.642s] running install_lib
[0.651s] running install_data
[0.651s] copying resource/CitroenCZero.urdf -> /home/hugo/Documentos/RO/Practica1-RO/super_lane_pkg/install/super_lane_pkg/share/super_lane_pkg/resource
[0.651s] running install_egg_info
[0.661s] removing '/home/hugo/Documentos/RO/Practica1-RO/super_lane_pkg/install/super_lane_pkg/lib/python3.12/site-packages/super_lane_pkg-0.0.0-py3.12.egg-info' (and everything under it)
[0.661s] Copying build/super_lane_pkg/super_lane_pkg.egg-info to /home/hugo/Documentos/RO/Practica1-RO/super_lane_pkg/install/super_lane_pkg/lib/python3.12/site-packages/super_lane_pkg-0.0.0-py3.12.egg-info
[0.661s] running install_scripts
[0.735s] Installing lane_controller script to /home/hugo/Documentos/RO/Practica1-RO/super_lane_pkg/install/super_lane_pkg/lib/super_lane_pkg
[0.735s] Installing lane_detector script to /home/hugo/Documentos/RO/Practica1-RO/super_lane_pkg/install/super_lane_pkg/lib/super_lane_pkg
[0.735s] writing list of installed files to '/home/hugo/Documentos/RO/Practica1-RO/super_lane_pkg/build/super_lane_pkg/install.log'
[0.755s] Invoked command in '/home/hugo/Documentos/RO/Practica1-RO/super_lane_pkg' returned '0': DEBUGINFOD_URLS=https://debuginfod.ubuntu.com PYTHONPATH=/home/hugo/Documentos/RO/Practica1-RO/super_lane_pkg/build/super_lane_pkg/prefix_override:/usr/lib/python3/dist-packages/colcon_core/task/python/colcon_distutils_commands:/home/hugo/Documentos/RO/Practica1-RO/super_lane_pkg/install/super_lane_pkg/lib/python3.12/site-packages:${PYTHONPATH} /usr/bin/python3 -W ignore:setup.py install is deprecated -W ignore:easy_install command is deprecated setup.py egg_info --egg-base build/super_lane_pkg build --build-base /home/hugo/Documentos/RO/Practica1-RO/super_lane_pkg/build/super_lane_pkg/build install --record /home/hugo/Documentos/RO/Practica1-RO/super_lane_pkg/build/super_lane_pkg/install.log --single-version-externally-managed install_data
