[0.608s] Invoking command in '/home/hugo/Documentos/RO/Practica1-RO/super_lane_pkg': DEBUGINFOD_URLS=https://debuginfod.ubuntu.com PYTHONPATH=/home/hugo/Documentos/RO/Practica1-RO/super_lane_pkg/build/super_lane_pkg/prefix_override:/usr/lib/python3/dist-packages/colcon_core/task/python/colcon_distutils_commands:/home/hugo/Documentos/RO/Practica1-RO/super_lane_pkg/install/super_lane_pkg/lib/python3.12/site-packages:${PYTHONPATH} /usr/bin/python3 -W ignore:setup.py install is deprecated -W ignore:easy_install command is deprecated setup.py egg_info --egg-base build/super_lane_pkg build --build-base /home/hugo/Documentos/RO/Practica1-RO/super_lane_pkg/build/super_lane_pkg/build install --record /home/hugo/Documentos/RO/Practica1-RO/super_lane_pkg/build/super_lane_pkg/install.log --single-version-externally-managed install_data
[0.776s] running egg_info
[0.787s] writing build/super_lane_pkg/super_lane_pkg.egg-info/PKG-INFO
[0.787s] writing dependency_links to build/super_lane_pkg/super_lane_pkg.egg-info/dependency_links.txt
[0.787s] writing entry points to build/super_lane_pkg/super_lane_pkg.egg-info/entry_points.txt
[0.787s] writing requirements to build/super_lane_pkg/super_lane_pkg.egg-info/requires.txt
[0.787s] writing top-level names to build/super_lane_pkg/super_lane_pkg.egg-info/top_level.txt
[0.809s] reading manifest file 'build/super_lane_pkg/super_lane_pkg.egg-info/SOURCES.txt'
[0.809s] writing manifest file 'build/super_lane_pkg/super_lane_pkg.egg-info/SOURCES.txt'
[0.809s] running build
[0.809s] running build_py
[0.810s] copying super_lane_pkg/lane_detector.py -> /home/hugo/Documentos/RO/Practica1-RO/super_lane_pkg/build/super_lane_pkg/build/lib/super_lane_pkg
[0.810s] running install
[0.814s] running install_lib
[0.826s] copying /home/hugo/Documentos/RO/Practica1-RO/super_lane_pkg/build/super_lane_pkg/build/lib/super_lane_pkg/lane_detector.py -> /home/hugo/Documentos/RO/Practica1-RO/super_lane_pkg/install/super_lane_pkg/lib/python3.12/site-packages/super_lane_pkg
[0.826s] byte-compiling /home/hugo/Documentos/RO/Practica1-RO/super_lane_pkg/install/super_lane_pkg/lib/python3.12/site-packages/super_lane_pkg/lane_detector.py to lane_detector.cpython-312.pyc
[0.827s] running install_data
[0.827s] running install_egg_info
[0.839s] removing '/home/hugo/Documentos/RO/Practica1-RO/super_lane_pkg/install/super_lane_pkg/lib/python3.12/site-packages/super_lane_pkg-0.0.0-py3.12.egg-info' (and everything under it)
[0.839s] Copying build/super_lane_pkg/super_lane_pkg.egg-info to /home/hugo/Documentos/RO/Practica1-RO/super_lane_pkg/install/super_lane_pkg/lib/python3.12/site-packages/super_lane_pkg-0.0.0-py3.12.egg-info
[0.840s] running install_scripts
[0.924s] Installing lane_controller script to /home/hugo/Documentos/RO/Practica1-RO/super_lane_pkg/install/super_lane_pkg/lib/super_lane_pkg
[0.924s] Installing lane_detector script to /home/hugo/Documentos/RO/Practica1-RO/super_lane_pkg/install/super_lane_pkg/lib/super_lane_pkg
[0.924s] writing list of installed files to '/home/hugo/Documentos/RO/Practica1-RO/super_lane_pkg/build/super_lane_pkg/install.log'
[0.957s] Invoked command in '/home/hugo/Documentos/RO/Practica1-RO/super_lane_pkg' returned '0': DEBUGINFOD_URLS=https://debuginfod.ubuntu.com PYTHONPATH=/home/hugo/Documentos/RO/Practica1-RO/super_lane_pkg/build/super_lane_pkg/prefix_override:/usr/lib/python3/dist-packages/colcon_core/task/python/colcon_distutils_commands:/home/hugo/Documentos/RO/Practica1-RO/super_lane_pkg/install/super_lane_pkg/lib/python3.12/site-packages:${PYTHONPATH} /usr/bin/python3 -W ignore:setup.py install is deprecated -W ignore:easy_install command is deprecated setup.py egg_info --egg-base build/super_lane_pkg build --build-base /home/hugo/Documentos/RO/Practica1-RO/super_lane_pkg/build/super_lane_pkg/build install --record /home/hugo/Documentos/RO/Practica1-RO/super_lane_pkg/build/super_lane_pkg/install.log --single-version-externally-managed install_data
