/home/hugo/Documentos/RO/Practica1-RO/install/super_lane_pkg/lib/python3.12/site-packages/super_lane_pkg/__init__.py
/home/hugo/Documentos/RO/Practica1-RO/install/super_lane_pkg/lib/python3.12/site-packages/super_lane_pkg/lane_controller.py
/home/hugo/Documentos/RO/Practica1-RO/install/super_lane_pkg/lib/python3.12/site-packages/super_lane_pkg/signal_det.py
/home/hugo/Documentos/RO/Practica1-RO/install/super_lane_pkg/lib/python3.12/site-packages/super_lane_pkg/lane_detector.py
/home/hugo/Documentos/RO/Practica1-RO/install/super_lane_pkg/lib/python3.12/site-packages/super_lane_pkg/__pycache__/__init__.cpython-312.pyc
/home/hugo/Documentos/RO/Practica1-RO/install/super_lane_pkg/lib/python3.12/site-packages/super_lane_pkg/__pycache__/lane_controller.cpython-312.pyc
/home/hugo/Documentos/RO/Practica1-RO/install/super_lane_pkg/lib/python3.12/site-packages/super_lane_pkg/__pycache__/signal_det.cpython-312.pyc
/home/hugo/Documentos/RO/Practica1-RO/install/super_lane_pkg/lib/python3.12/site-packages/super_lane_pkg/__pycache__/lane_detector.cpython-312.pyc
/home/hugo/Documentos/RO/Practica1-RO/install/super_lane_pkg/share/ament_index/resource_index/packages/super_lane_pkg
/home/hugo/Documentos/RO/Practica1-RO/install/super_lane_pkg/share/super_lane_pkg/launch/super_lane.launch.py
/home/hugo/Documentos/RO/Practica1-RO/install/super_lane_pkg/share/super_lane_pkg/package.xml
/home/hugo/Documentos/RO/Practica1-RO/install/super_lane_pkg/share/super_lane_pkg/resource/CitroenCZero.urdf
/home/hugo/Documentos/RO/Practica1-RO/install/super_lane_pkg/share/super_lane_pkg/worlds/city_traffic.wbt
/home/hugo/Documentos/RO/Practica1-RO/install/super_lane_pkg/lib/python3.12/site-packages/super_lane_pkg-0.0.0-py3.12.egg-info/PKG-INFO
/home/hugo/Documentos/RO/Practica1-RO/install/super_lane_pkg/lib/python3.12/site-packages/super_lane_pkg-0.0.0-py3.12.egg-info/top_level.txt
/home/hugo/Documentos/RO/Practica1-RO/install/super_lane_pkg/lib/python3.12/site-packages/super_lane_pkg-0.0.0-py3.12.egg-info/SOURCES.txt
/home/hugo/Documentos/RO/Practica1-RO/install/super_lane_pkg/lib/python3.12/site-packages/super_lane_pkg-0.0.0-py3.12.egg-info/entry_points.txt
/home/hugo/Documentos/RO/Practica1-RO/install/super_lane_pkg/lib/python3.12/site-packages/super_lane_pkg-0.0.0-py3.12.egg-info/dependency_links.txt
/home/hugo/Documentos/RO/Practica1-RO/install/super_lane_pkg/lib/python3.12/site-packages/super_lane_pkg-0.0.0-py3.12.egg-info/requires.txt
/home/hugo/Documentos/RO/Practica1-RO/install/super_lane_pkg/lib/python3.12/site-packages/super_lane_pkg-0.0.0-py3.12.egg-info/zip-safe
/home/hugo/Documentos/RO/Practica1-RO/install/super_lane_pkg/lib/super_lane_pkg/lane_controller
/home/hugo/Documentos/RO/Practica1-RO/install/super_lane_pkg/lib/super_lane_pkg/lane_detector
/home/hugo/Documentos/RO/Practica1-RO/install/super_lane_pkg/lib/super_lane_pkg/signal_det
