[0.062s] DEBUG:colcon:Command line arguments: ['/usr/bin/colcon', 'build']
[0.062s] DEBUG:colcon:Parsed command line arguments: Namespace(log_base=None, log_level=None, verb_name='build', build_base='build', install_base='install', merge_install=False, symlink_install=False, test_result_base=None, continue_on_error=False, executor='parallel', parallel_workers=16, event_handlers=None, ignore_user_meta=False, metas=['./colcon.meta'], base_paths=['.'], packages_ignore=None, packages_ignore_regex=None, paths=None, packages_up_to=None, packages_up_to_regex=None, packages_above=None, packages_above_and_dependencies=None, packages_above_depth=None, packages_select_by_dep=None, packages_skip_by_dep=None, packages_skip_up_to=None, packages_select_build_failed=False, packages_skip_build_finished=False, packages_select_test_failures=False, packages_skip_test_passed=False, packages_select=None, packages_skip=None, packages_select_regex=None, packages_skip_regex=None, packages_start=None, packages_end=None, allow_overriding=[], cmake_args=None, cmake_target=None, cmake_target_skip_unavailable=False, cmake_clean_cache=False, cmake_clean_first=False, cmake_force_configure=False, ament_cmake_args=None, catkin_cmake_args=None, catkin_skip_building_tests=False, verb_parser=<colcon_defaults.argument_parser.defaults.DefaultArgumentsDecorator object at 0x7701f4c7f920>, verb_extension=<colcon_core.verb.build.BuildVerb object at 0x7701f4c7f3e0>, main=<bound method BuildVerb.main of <colcon_core.verb.build.BuildVerb object at 0x7701f4c7f3e0>>)
[0.089s] Level 1:colcon.colcon_core.package_discovery:discover_packages(colcon_meta) check parameters
[0.089s] Level 1:colcon.colcon_core.package_discovery:discover_packages(recursive) check parameters
[0.089s] Level 1:colcon.colcon_core.package_discovery:discover_packages(ignore) check parameters
[0.089s] Level 1:colcon.colcon_core.package_discovery:discover_packages(path) check parameters
[0.089s] Level 1:colcon.colcon_core.package_discovery:discover_packages(colcon_meta) discover
[0.089s] Level 1:colcon.colcon_core.package_discovery:discover_packages(recursive) discover
[0.089s] INFO:colcon.colcon_core.package_discovery:Crawling recursively for packages in '/home/hugo/Documentos/RO/Practica1-RO'
[0.089s] Level 1:colcon.colcon_core.package_identification:_identify(.) by extensions ['ignore', 'ignore_ament_install']
[0.089s] Level 1:colcon.colcon_core.package_identification:_identify(.) by extension 'ignore'
[0.089s] Level 1:colcon.colcon_core.package_identification:_identify(.) by extension 'ignore_ament_install'
[0.089s] Level 1:colcon.colcon_core.package_identification:_identify(.) by extensions ['colcon_pkg']
[0.089s] Level 1:colcon.colcon_core.package_identification:_identify(.) by extension 'colcon_pkg'
[0.089s] Level 1:colcon.colcon_core.package_identification:_identify(.) by extensions ['colcon_meta']
[0.089s] Level 1:colcon.colcon_core.package_identification:_identify(.) by extension 'colcon_meta'
[0.089s] Level 1:colcon.colcon_core.package_identification:_identify(.) by extensions ['ros']
[0.089s] Level 1:colcon.colcon_core.package_identification:_identify(.) by extension 'ros'
[0.104s] Level 1:colcon.colcon_core.package_identification:_identify(.) by extensions ['cmake', 'python']
[0.104s] Level 1:colcon.colcon_core.package_identification:_identify(.) by extension 'cmake'
[0.104s] Level 1:colcon.colcon_core.package_identification:_identify(.) by extension 'python'
[0.104s] Level 1:colcon.colcon_core.package_identification:_identify(.) by extensions ['python_setup_py']
[0.104s] Level 1:colcon.colcon_core.package_identification:_identify(.) by extension 'python_setup_py'
[0.104s] Level 1:colcon.colcon_core.package_identification:_identify(Simulación) by extensions ['ignore', 'ignore_ament_install']
[0.104s] Level 1:colcon.colcon_core.package_identification:_identify(Simulación) by extension 'ignore'
[0.104s] Level 1:colcon.colcon_core.package_identification:_identify(Simulación) by extension 'ignore_ament_install'
[0.104s] Level 1:colcon.colcon_core.package_identification:_identify(Simulación) by extensions ['colcon_pkg']
[0.104s] Level 1:colcon.colcon_core.package_identification:_identify(Simulación) by extension 'colcon_pkg'
[0.104s] Level 1:colcon.colcon_core.package_identification:_identify(Simulación) by extensions ['colcon_meta']
[0.104s] Level 1:colcon.colcon_core.package_identification:_identify(Simulación) by extension 'colcon_meta'
[0.105s] Level 1:colcon.colcon_core.package_identification:_identify(Simulación) by extensions ['ros']
[0.105s] Level 1:colcon.colcon_core.package_identification:_identify(Simulación) by extension 'ros'
[0.105s] Level 1:colcon.colcon_core.package_identification:_identify(Simulación) by extensions ['cmake', 'python']
[0.105s] Level 1:colcon.colcon_core.package_identification:_identify(Simulación) by extension 'cmake'
[0.105s] Level 1:colcon.colcon_core.package_identification:_identify(Simulación) by extension 'python'
[0.105s] Level 1:colcon.colcon_core.package_identification:_identify(Simulación) by extensions ['python_setup_py']
[0.105s] Level 1:colcon.colcon_core.package_identification:_identify(Simulación) by extension 'python_setup_py'
[0.105s] Level 1:colcon.colcon_core.package_identification:_identify(Simulación/city_traffic_net) by extensions ['ignore', 'ignore_ament_install']
[0.105s] Level 1:colcon.colcon_core.package_identification:_identify(Simulación/city_traffic_net) by extension 'ignore'
[0.105s] Level 1:colcon.colcon_core.package_identification:_identify(Simulación/city_traffic_net) by extension 'ignore_ament_install'
[0.105s] Level 1:colcon.colcon_core.package_identification:_identify(Simulación/city_traffic_net) by extensions ['colcon_pkg']
[0.105s] Level 1:colcon.colcon_core.package_identification:_identify(Simulación/city_traffic_net) by extension 'colcon_pkg'
[0.105s] Level 1:colcon.colcon_core.package_identification:_identify(Simulación/city_traffic_net) by extensions ['colcon_meta']
[0.105s] Level 1:colcon.colcon_core.package_identification:_identify(Simulación/city_traffic_net) by extension 'colcon_meta'
[0.105s] Level 1:colcon.colcon_core.package_identification:_identify(Simulación/city_traffic_net) by extensions ['ros']
[0.105s] Level 1:colcon.colcon_core.package_identification:_identify(Simulación/city_traffic_net) by extension 'ros'
[0.105s] Level 1:colcon.colcon_core.package_identification:_identify(Simulación/city_traffic_net) by extensions ['cmake', 'python']
[0.105s] Level 1:colcon.colcon_core.package_identification:_identify(Simulación/city_traffic_net) by extension 'cmake'
[0.105s] Level 1:colcon.colcon_core.package_identification:_identify(Simulación/city_traffic_net) by extension 'python'
[0.105s] Level 1:colcon.colcon_core.package_identification:_identify(Simulación/city_traffic_net) by extensions ['python_setup_py']
[0.105s] Level 1:colcon.colcon_core.package_identification:_identify(Simulación/city_traffic_net) by extension 'python_setup_py'
[0.105s] Level 1:colcon.colcon_core.package_identification:_identify(build) by extensions ['ignore', 'ignore_ament_install']
[0.105s] Level 1:colcon.colcon_core.package_identification:_identify(build) by extension 'ignore'
[0.105s] Level 1:colcon.colcon_core.package_identification:_identify(build) ignored
[0.105s] Level 1:colcon.colcon_core.package_identification:_identify(install) by extensions ['ignore', 'ignore_ament_install']
[0.105s] Level 1:colcon.colcon_core.package_identification:_identify(install) by extension 'ignore'
[0.105s] Level 1:colcon.colcon_core.package_identification:_identify(install) ignored
[0.105s] Level 1:colcon.colcon_core.package_identification:_identify(log) by extensions ['ignore', 'ignore_ament_install']
[0.105s] Level 1:colcon.colcon_core.package_identification:_identify(log) by extension 'ignore'
[0.105s] Level 1:colcon.colcon_core.package_identification:_identify(log) ignored
[0.105s] Level 1:colcon.colcon_core.package_identification:_identify(signal_det_pkg) by extensions ['ignore', 'ignore_ament_install']
[0.105s] Level 1:colcon.colcon_core.package_identification:_identify(signal_det_pkg) by extension 'ignore'
[0.105s] Level 1:colcon.colcon_core.package_identification:_identify(signal_det_pkg) by extension 'ignore_ament_install'
[0.105s] Level 1:colcon.colcon_core.package_identification:_identify(signal_det_pkg) by extensions ['colcon_pkg']
[0.105s] Level 1:colcon.colcon_core.package_identification:_identify(signal_det_pkg) by extension 'colcon_pkg'
[0.105s] Level 1:colcon.colcon_core.package_identification:_identify(signal_det_pkg) by extensions ['colcon_meta']
[0.105s] Level 1:colcon.colcon_core.package_identification:_identify(signal_det_pkg) by extension 'colcon_meta'
[0.105s] Level 1:colcon.colcon_core.package_identification:_identify(signal_det_pkg) by extensions ['ros']
[0.105s] Level 1:colcon.colcon_core.package_identification:_identify(signal_det_pkg) by extension 'ros'
[0.107s] DEBUG:colcon.colcon_core.package_identification:Package 'signal_det_pkg' with type 'ros.ament_python' and name 'signal_det_pkg'
[0.107s] Level 1:colcon.colcon_core.package_identification:_identify(super_lane_pkg) by extensions ['ignore', 'ignore_ament_install']
[0.107s] Level 1:colcon.colcon_core.package_identification:_identify(super_lane_pkg) by extension 'ignore'
[0.107s] Level 1:colcon.colcon_core.package_identification:_identify(super_lane_pkg) by extension 'ignore_ament_install'
[0.107s] Level 1:colcon.colcon_core.package_identification:_identify(super_lane_pkg) by extensions ['colcon_pkg']
[0.107s] Level 1:colcon.colcon_core.package_identification:_identify(super_lane_pkg) by extension 'colcon_pkg'
[0.107s] Level 1:colcon.colcon_core.package_identification:_identify(super_lane_pkg) by extensions ['colcon_meta']
[0.107s] Level 1:colcon.colcon_core.package_identification:_identify(super_lane_pkg) by extension 'colcon_meta'
[0.107s] Level 1:colcon.colcon_core.package_identification:_identify(super_lane_pkg) by extensions ['ros']
[0.107s] Level 1:colcon.colcon_core.package_identification:_identify(super_lane_pkg) by extension 'ros'
[0.107s] DEBUG:colcon.colcon_core.package_identification:Package 'super_lane_pkg' with type 'ros.ament_python' and name 'super_lane_pkg'
[0.107s] Level 1:colcon.colcon_core.package_discovery:discover_packages(recursive) using defaults
[0.107s] Level 1:colcon.colcon_core.package_discovery:discover_packages(ignore) discover
[0.107s] Level 1:colcon.colcon_core.package_discovery:discover_packages(ignore) using defaults
[0.107s] Level 1:colcon.colcon_core.package_discovery:discover_packages(path) discover
[0.108s] Level 1:colcon.colcon_core.package_discovery:discover_packages(path) using defaults
[0.119s] Level 1:colcon.colcon_core.package_discovery:discover_packages(prefix_path) check parameters
[0.119s] Level 1:colcon.colcon_core.package_discovery:discover_packages(prefix_path) discover
[0.121s] DEBUG:colcon.colcon_installed_package_information.package_discovery:Found 356 installed packages in /opt/ros/jazzy
[0.122s] Level 1:colcon.colcon_core.package_discovery:discover_packages(prefix_path) using defaults
[0.150s] Level 5:colcon.colcon_core.verb:set package 'signal_det_pkg' build argument 'cmake_args' from command line to 'None'
[0.150s] Level 5:colcon.colcon_core.verb:set package 'signal_det_pkg' build argument 'cmake_target' from command line to 'None'
[0.150s] Level 5:colcon.colcon_core.verb:set package 'signal_det_pkg' build argument 'cmake_target_skip_unavailable' from command line to 'False'
[0.150s] Level 5:colcon.colcon_core.verb:set package 'signal_det_pkg' build argument 'cmake_clean_cache' from command line to 'False'
[0.150s] Level 5:colcon.colcon_core.verb:set package 'signal_det_pkg' build argument 'cmake_clean_first' from command line to 'False'
[0.150s] Level 5:colcon.colcon_core.verb:set package 'signal_det_pkg' build argument 'cmake_force_configure' from command line to 'False'
[0.150s] Level 5:colcon.colcon_core.verb:set package 'signal_det_pkg' build argument 'ament_cmake_args' from command line to 'None'
[0.150s] Level 5:colcon.colcon_core.verb:set package 'signal_det_pkg' build argument 'catkin_cmake_args' from command line to 'None'
[0.150s] Level 5:colcon.colcon_core.verb:set package 'signal_det_pkg' build argument 'catkin_skip_building_tests' from command line to 'False'
[0.150s] DEBUG:colcon.colcon_core.verb:Building package 'signal_det_pkg' with the following arguments: {'ament_cmake_args': None, 'build_base': '/home/hugo/Documentos/RO/Practica1-RO/build/signal_det_pkg', 'catkin_cmake_args': None, 'catkin_skip_building_tests': False, 'cmake_args': None, 'cmake_clean_cache': False, 'cmake_clean_first': False, 'cmake_force_configure': False, 'cmake_target': None, 'cmake_target_skip_unavailable': False, 'install_base': '/home/hugo/Documentos/RO/Practica1-RO/install/signal_det_pkg', 'merge_install': False, 'path': '/home/hugo/Documentos/RO/Practica1-RO/signal_det_pkg', 'symlink_install': False, 'test_result_base': None}
[0.150s] Level 5:colcon.colcon_core.verb:set package 'super_lane_pkg' build argument 'cmake_args' from command line to 'None'
[0.150s] Level 5:colcon.colcon_core.verb:set package 'super_lane_pkg' build argument 'cmake_target' from command line to 'None'
[0.150s] Level 5:colcon.colcon_core.verb:set package 'super_lane_pkg' build argument 'cmake_target_skip_unavailable' from command line to 'False'
[0.150s] Level 5:colcon.colcon_core.verb:set package 'super_lane_pkg' build argument 'cmake_clean_cache' from command line to 'False'
[0.150s] Level 5:colcon.colcon_core.verb:set package 'super_lane_pkg' build argument 'cmake_clean_first' from command line to 'False'
[0.150s] Level 5:colcon.colcon_core.verb:set package 'super_lane_pkg' build argument 'cmake_force_configure' from command line to 'False'
[0.150s] Level 5:colcon.colcon_core.verb:set package 'super_lane_pkg' build argument 'ament_cmake_args' from command line to 'None'
[0.150s] Level 5:colcon.colcon_core.verb:set package 'super_lane_pkg' build argument 'catkin_cmake_args' from command line to 'None'
[0.150s] Level 5:colcon.colcon_core.verb:set package 'super_lane_pkg' build argument 'catkin_skip_building_tests' from command line to 'False'
[0.150s] DEBUG:colcon.colcon_core.verb:Building package 'super_lane_pkg' with the following arguments: {'ament_cmake_args': None, 'build_base': '/home/hugo/Documentos/RO/Practica1-RO/build/super_lane_pkg', 'catkin_cmake_args': None, 'catkin_skip_building_tests': False, 'cmake_args': None, 'cmake_clean_cache': False, 'cmake_clean_first': False, 'cmake_force_configure': False, 'cmake_target': None, 'cmake_target_skip_unavailable': False, 'install_base': '/home/hugo/Documentos/RO/Practica1-RO/install/super_lane_pkg', 'merge_install': False, 'path': '/home/hugo/Documentos/RO/Practica1-RO/super_lane_pkg', 'symlink_install': False, 'test_result_base': None}
[0.150s] INFO:colcon.colcon_core.executor:Executing jobs using 'parallel' executor
[0.151s] DEBUG:colcon.colcon_parallel_executor.executor.parallel:run_until_complete
[0.151s] INFO:colcon.colcon_ros.task.ament_python.build:Building ROS package in '/home/hugo/Documentos/RO/Practica1-RO/signal_det_pkg' with build type 'ament_python'
[0.151s] Level 1:colcon.colcon_core.shell:create_environment_hook('signal_det_pkg', 'ament_prefix_path')
[0.153s] INFO:colcon.colcon_core.plugin_system:Skipping extension 'colcon_core.shell.bat': Not used on non-Windows systems
[0.153s] INFO:colcon.colcon_core.shell:Creating environment hook '/home/hugo/Documentos/RO/Practica1-RO/install/signal_det_pkg/share/signal_det_pkg/hook/ament_prefix_path.ps1'
[0.155s] INFO:colcon.colcon_core.shell:Creating environment descriptor '/home/hugo/Documentos/RO/Practica1-RO/install/signal_det_pkg/share/signal_det_pkg/hook/ament_prefix_path.dsv'
[0.155s] INFO:colcon.colcon_core.shell:Creating environment hook '/home/hugo/Documentos/RO/Practica1-RO/install/signal_det_pkg/share/signal_det_pkg/hook/ament_prefix_path.sh'
[0.155s] INFO:colcon.colcon_core.shell:Skip shell extension 'powershell' for command environment: Not usable outside of PowerShell
[0.155s] DEBUG:colcon.colcon_core.shell:Skip shell extension 'dsv' for command environment
[0.160s] INFO:colcon.colcon_ros.task.ament_python.build:Building ROS package in '/home/hugo/Documentos/RO/Practica1-RO/super_lane_pkg' with build type 'ament_python'
[0.160s] Level 1:colcon.colcon_core.shell:create_environment_hook('super_lane_pkg', 'ament_prefix_path')
[0.160s] INFO:colcon.colcon_core.shell:Creating environment hook '/home/hugo/Documentos/RO/Practica1-RO/install/super_lane_pkg/share/super_lane_pkg/hook/ament_prefix_path.ps1'
[0.161s] INFO:colcon.colcon_core.shell:Creating environment descriptor '/home/hugo/Documentos/RO/Practica1-RO/install/super_lane_pkg/share/super_lane_pkg/hook/ament_prefix_path.dsv'
[0.161s] INFO:colcon.colcon_core.shell:Creating environment hook '/home/hugo/Documentos/RO/Practica1-RO/install/super_lane_pkg/share/super_lane_pkg/hook/ament_prefix_path.sh'
[0.161s] INFO:colcon.colcon_core.shell:Skip shell extension 'powershell' for command environment: Not usable outside of PowerShell
[0.161s] DEBUG:colcon.colcon_core.shell:Skip shell extension 'dsv' for command environment
[0.310s] INFO:colcon.colcon_core.task.python.build:Building Python package in '/home/hugo/Documentos/RO/Practica1-RO/signal_det_pkg'
[0.310s] INFO:colcon.colcon_core.shell:Skip shell extension 'powershell' for command environment: Not usable outside of PowerShell
[0.310s] DEBUG:colcon.colcon_core.shell:Skip shell extension 'dsv' for command environment
[0.461s] INFO:colcon.colcon_core.task.python.build:Building Python package in '/home/hugo/Documentos/RO/Practica1-RO/super_lane_pkg'
[0.462s] INFO:colcon.colcon_core.shell:Skip shell extension 'powershell' for command environment: Not usable outside of PowerShell
[0.462s] DEBUG:colcon.colcon_core.shell:Skip shell extension 'dsv' for command environment
[0.847s] DEBUG:colcon.colcon_core.event_handler.log_command:Invoking command in '/home/hugo/Documentos/RO/Practica1-RO/signal_det_pkg': DEBUGINFOD_URLS=https://debuginfod.ubuntu.com PYTHONPATH=/home/hugo/Documentos/RO/Practica1-RO/build/signal_det_pkg/prefix_override:/usr/lib/python3/dist-packages/colcon_core/task/python/colcon_distutils_commands:/home/hugo/Documentos/RO/Practica1-RO/install/signal_det_pkg/lib/python3.12/site-packages:${PYTHONPATH} /usr/bin/python3 -W ignore:setup.py install is deprecated -W ignore:easy_install command is deprecated setup.py egg_info --egg-base ../build/signal_det_pkg build --build-base /home/hugo/Documentos/RO/Practica1-RO/build/signal_det_pkg/build install --record /home/hugo/Documentos/RO/Practica1-RO/build/signal_det_pkg/install.log --single-version-externally-managed install_data
[0.862s] DEBUG:colcon.colcon_core.event_handler.log_command:Invoking command in '/home/hugo/Documentos/RO/Practica1-RO/super_lane_pkg': DEBUGINFOD_URLS=https://debuginfod.ubuntu.com PYTHONPATH=/home/hugo/Documentos/RO/Practica1-RO/build/super_lane_pkg/prefix_override:/usr/lib/python3/dist-packages/colcon_core/task/python/colcon_distutils_commands:/home/hugo/Documentos/RO/Practica1-RO/install/super_lane_pkg/lib/python3.12/site-packages:${PYTHONPATH} /usr/bin/python3 -W ignore:setup.py install is deprecated -W ignore:easy_install command is deprecated setup.py egg_info --egg-base ../build/super_lane_pkg build --build-base /home/hugo/Documentos/RO/Practica1-RO/build/super_lane_pkg/build install --record /home/hugo/Documentos/RO/Practica1-RO/build/super_lane_pkg/install.log --single-version-externally-managed install_data
[1.187s] DEBUG:colcon.colcon_core.event_handler.log_command:Invoked command in '/home/hugo/Documentos/RO/Practica1-RO/signal_det_pkg' returned '0': DEBUGINFOD_URLS=https://debuginfod.ubuntu.com PYTHONPATH=/home/hugo/Documentos/RO/Practica1-RO/build/signal_det_pkg/prefix_override:/usr/lib/python3/dist-packages/colcon_core/task/python/colcon_distutils_commands:/home/hugo/Documentos/RO/Practica1-RO/install/signal_det_pkg/lib/python3.12/site-packages:${PYTHONPATH} /usr/bin/python3 -W ignore:setup.py install is deprecated -W ignore:easy_install command is deprecated setup.py egg_info --egg-base ../build/signal_det_pkg build --build-base /home/hugo/Documentos/RO/Practica1-RO/build/signal_det_pkg/build install --record /home/hugo/Documentos/RO/Practica1-RO/build/signal_det_pkg/install.log --single-version-externally-managed install_data
[1.188s] Level 1:colcon.colcon_core.environment:checking '/home/hugo/Documentos/RO/Practica1-RO/install/signal_det_pkg' for CMake module files
[1.188s] Level 1:colcon.colcon_core.environment:checking '/home/hugo/Documentos/RO/Practica1-RO/install/signal_det_pkg' for CMake config files
[1.189s] Level 1:colcon.colcon_core.environment:checking '/home/hugo/Documentos/RO/Practica1-RO/install/signal_det_pkg/lib'
[1.189s] Level 1:colcon.colcon_core.environment:checking '/home/hugo/Documentos/RO/Practica1-RO/install/signal_det_pkg/bin'
[1.189s] Level 1:colcon.colcon_core.environment:checking '/home/hugo/Documentos/RO/Practica1-RO/install/signal_det_pkg/lib/pkgconfig/signal_det_pkg.pc'
[1.189s] Level 1:colcon.colcon_core.environment:checking '/home/hugo/Documentos/RO/Practica1-RO/install/signal_det_pkg/lib/python3.12/site-packages'
[1.189s] Level 1:colcon.colcon_core.shell:create_environment_hook('signal_det_pkg', 'pythonpath')
[1.189s] INFO:colcon.colcon_core.shell:Creating environment hook '/home/hugo/Documentos/RO/Practica1-RO/install/signal_det_pkg/share/signal_det_pkg/hook/pythonpath.ps1'
[1.189s] INFO:colcon.colcon_core.shell:Creating environment descriptor '/home/hugo/Documentos/RO/Practica1-RO/install/signal_det_pkg/share/signal_det_pkg/hook/pythonpath.dsv'
[1.190s] INFO:colcon.colcon_core.shell:Creating environment hook '/home/hugo/Documentos/RO/Practica1-RO/install/signal_det_pkg/share/signal_det_pkg/hook/pythonpath.sh'
[1.190s] Level 1:colcon.colcon_core.environment:checking '/home/hugo/Documentos/RO/Practica1-RO/install/signal_det_pkg/bin'
[1.190s] Level 1:colcon.colcon_core.environment:create_environment_scripts_only(signal_det_pkg)
[1.190s] INFO:colcon.colcon_core.shell:Creating package script '/home/hugo/Documentos/RO/Practica1-RO/install/signal_det_pkg/share/signal_det_pkg/package.ps1'
[1.190s] INFO:colcon.colcon_core.shell:Creating package descriptor '/home/hugo/Documentos/RO/Practica1-RO/install/signal_det_pkg/share/signal_det_pkg/package.dsv'
[1.191s] INFO:colcon.colcon_core.shell:Creating package script '/home/hugo/Documentos/RO/Practica1-RO/install/signal_det_pkg/share/signal_det_pkg/package.sh'
[1.191s] INFO:colcon.colcon_core.shell:Creating package script '/home/hugo/Documentos/RO/Practica1-RO/install/signal_det_pkg/share/signal_det_pkg/package.bash'
[1.191s] INFO:colcon.colcon_core.shell:Creating package script '/home/hugo/Documentos/RO/Practica1-RO/install/signal_det_pkg/share/signal_det_pkg/package.zsh'
[1.191s] Level 1:colcon.colcon_core.environment:create_file_with_runtime_dependencies(/home/hugo/Documentos/RO/Practica1-RO/install/signal_det_pkg/share/colcon-core/packages/signal_det_pkg)
[1.197s] Level 1:colcon.colcon_core.environment:checking '/home/hugo/Documentos/RO/Practica1-RO/install/super_lane_pkg' for CMake module files
[1.198s] DEBUG:colcon.colcon_core.event_handler.log_command:Invoked command in '/home/hugo/Documentos/RO/Practica1-RO/super_lane_pkg' returned '0': DEBUGINFOD_URLS=https://debuginfod.ubuntu.com PYTHONPATH=/home/hugo/Documentos/RO/Practica1-RO/build/super_lane_pkg/prefix_override:/usr/lib/python3/dist-packages/colcon_core/task/python/colcon_distutils_commands:/home/hugo/Documentos/RO/Practica1-RO/install/super_lane_pkg/lib/python3.12/site-packages:${PYTHONPATH} /usr/bin/python3 -W ignore:setup.py install is deprecated -W ignore:easy_install command is deprecated setup.py egg_info --egg-base ../build/super_lane_pkg build --build-base /home/hugo/Documentos/RO/Practica1-RO/build/super_lane_pkg/build install --record /home/hugo/Documentos/RO/Practica1-RO/build/super_lane_pkg/install.log --single-version-externally-managed install_data
[1.198s] Level 1:colcon.colcon_core.environment:checking '/home/hugo/Documentos/RO/Practica1-RO/install/super_lane_pkg' for CMake config files
[1.199s] Level 1:colcon.colcon_core.environment:checking '/home/hugo/Documentos/RO/Practica1-RO/install/super_lane_pkg/lib'
[1.199s] Level 1:colcon.colcon_core.environment:checking '/home/hugo/Documentos/RO/Practica1-RO/install/super_lane_pkg/bin'
[1.199s] Level 1:colcon.colcon_core.environment:checking '/home/hugo/Documentos/RO/Practica1-RO/install/super_lane_pkg/lib/pkgconfig/super_lane_pkg.pc'
[1.199s] Level 1:colcon.colcon_core.environment:checking '/home/hugo/Documentos/RO/Practica1-RO/install/super_lane_pkg/lib/python3.12/site-packages'
[1.199s] Level 1:colcon.colcon_core.shell:create_environment_hook('super_lane_pkg', 'pythonpath')
[1.199s] INFO:colcon.colcon_core.shell:Creating environment hook '/home/hugo/Documentos/RO/Practica1-RO/install/super_lane_pkg/share/super_lane_pkg/hook/pythonpath.ps1'
[1.200s] INFO:colcon.colcon_core.shell:Creating environment descriptor '/home/hugo/Documentos/RO/Practica1-RO/install/super_lane_pkg/share/super_lane_pkg/hook/pythonpath.dsv'
[1.200s] INFO:colcon.colcon_core.shell:Creating environment hook '/home/hugo/Documentos/RO/Practica1-RO/install/super_lane_pkg/share/super_lane_pkg/hook/pythonpath.sh'
[1.200s] Level 1:colcon.colcon_core.environment:checking '/home/hugo/Documentos/RO/Practica1-RO/install/super_lane_pkg/bin'
[1.201s] Level 1:colcon.colcon_core.environment:create_environment_scripts_only(super_lane_pkg)
[1.201s] INFO:colcon.colcon_core.shell:Creating package script '/home/hugo/Documentos/RO/Practica1-RO/install/super_lane_pkg/share/super_lane_pkg/package.ps1'
[1.201s] INFO:colcon.colcon_core.shell:Creating package descriptor '/home/hugo/Documentos/RO/Practica1-RO/install/super_lane_pkg/share/super_lane_pkg/package.dsv'
[1.202s] INFO:colcon.colcon_core.shell:Creating package script '/home/hugo/Documentos/RO/Practica1-RO/install/super_lane_pkg/share/super_lane_pkg/package.sh'
[1.202s] INFO:colcon.colcon_core.shell:Creating package script '/home/hugo/Documentos/RO/Practica1-RO/install/super_lane_pkg/share/super_lane_pkg/package.bash'
[1.202s] INFO:colcon.colcon_core.shell:Creating package script '/home/hugo/Documentos/RO/Practica1-RO/install/super_lane_pkg/share/super_lane_pkg/package.zsh'
[1.202s] Level 1:colcon.colcon_core.environment:create_file_with_runtime_dependencies(/home/hugo/Documentos/RO/Practica1-RO/install/super_lane_pkg/share/colcon-core/packages/super_lane_pkg)
[1.203s] DEBUG:colcon.colcon_parallel_executor.executor.parallel:closing loop
[1.203s] DEBUG:colcon.colcon_parallel_executor.executor.parallel:loop closed
[1.203s] DEBUG:colcon.colcon_parallel_executor.executor.parallel:run_until_complete finished with '0'
[1.203s] DEBUG:colcon.colcon_core.event_reactor:joining thread
[1.208s] INFO:colcon.colcon_core.plugin_system:Skipping extension 'colcon_notification.desktop_notification.terminal_notifier': Not used on non-Darwin systems
[1.208s] INFO:colcon.colcon_core.plugin_system:Skipping extension 'colcon_notification.desktop_notification.win32': Not used on non-Windows systems
[1.208s] INFO:colcon.colcon_notification.desktop_notification:Sending desktop notification using 'notify2'
[1.218s] DEBUG:colcon.colcon_core.event_reactor:joined thread
[1.218s] INFO:colcon.colcon_core.shell:Creating prefix script '/home/hugo/Documentos/RO/Practica1-RO/install/local_setup.ps1'
[1.219s] INFO:colcon.colcon_core.shell:Creating prefix util module '/home/hugo/Documentos/RO/Practica1-RO/install/_local_setup_util_ps1.py'
[1.220s] INFO:colcon.colcon_core.shell:Creating prefix chain script '/home/hugo/Documentos/RO/Practica1-RO/install/setup.ps1'
[1.220s] INFO:colcon.colcon_core.shell:Creating prefix script '/home/hugo/Documentos/RO/Practica1-RO/install/local_setup.sh'
[1.220s] INFO:colcon.colcon_core.shell:Creating prefix util module '/home/hugo/Documentos/RO/Practica1-RO/install/_local_setup_util_sh.py'
[1.221s] INFO:colcon.colcon_core.shell:Creating prefix chain script '/home/hugo/Documentos/RO/Practica1-RO/install/setup.sh'
[1.221s] INFO:colcon.colcon_core.shell:Creating prefix script '/home/hugo/Documentos/RO/Practica1-RO/install/local_setup.bash'
[1.221s] INFO:colcon.colcon_core.shell:Creating prefix chain script '/home/hugo/Documentos/RO/Practica1-RO/install/setup.bash'
[1.222s] INFO:colcon.colcon_core.shell:Creating prefix script '/home/hugo/Documentos/RO/Practica1-RO/install/local_setup.zsh'
[1.222s] INFO:colcon.colcon_core.shell:Creating prefix chain script '/home/hugo/Documentos/RO/Practica1-RO/install/setup.zsh'
